Determining if the pthread_create exist failed with the following output:
Change Dir: /home/sebastian/git/FetchRobotControl-41014/packages/src/fetch_robot_simulation/build/CMakeFiles/CMakeTmp

Run Build Command:"/usr/bin/make" "cmTC_eb6e5/fast"
/usr/bin/make -f CMakeFiles/cmTC_eb6e5.dir/build.make CMakeFiles/cmTC_eb6e5.dir/build
make[1]: Entering directory '/home/sebastian/git/FetchRobotControl-41014/packages/src/fetch_robot_simulation/build/CMakeFiles/CMakeTmp'
Building C object CMakeFiles/cmTC_eb6e5.dir/CheckSymbolExists.c.o
/usr/bin/cc    -o CMakeFiles/cmTC_eb6e5.dir/CheckSymbolExists.c.o   -c /home/sebastian/git/FetchRobotControl-41014/packages/src/fetch_robot_simulation/build/CMakeFiles/CMakeTmp/CheckSymbolExists.c
Linking C executable cmTC_eb6e5
/usr/bin/cmake -E cmake_link_script CMakeFiles/cmTC_eb6e5.dir/link.txt --verbose=1
/usr/bin/cc      -rdynamic CMakeFiles/cmTC_eb6e5.dir/CheckSymbolExists.c.o  -o cmTC_eb6e5 
CMakeFiles/cmTC_eb6e5.dir/CheckSymbolExists.c.o: In function `main':
CheckSymbolExists.c:(.text+0x1b): undefined reference to `pthread_create'
collect2: error: ld returned 1 exit status
CMakeFiles/cmTC_eb6e5.dir/build.make:97: recipe for target 'cmTC_eb6e5' failed
make[1]: *** [cmTC_eb6e5] Error 1
make[1]: Leaving directory '/home/sebastian/git/FetchRobotControl-41014/packages/src/fetch_robot_simulation/build/CMakeFiles/CMakeTmp'
Makefile:126: recipe for target 'cmTC_eb6e5/fast' failed
make: *** [cmTC_eb6e5/fast] Error 2

File /home/sebastian/git/FetchRobotControl-41014/packages/src/fetch_robot_simulation/build/CMakeFiles/CMakeTmp/CheckSymbolExists.c:
/* */
#include <pthread.h>

int main(int argc, char** argv)
{
  (void)argv;
#ifndef pthread_create
  return ((int*)(&pthread_create))[argc];
#else
  (void)argc;
  return 0;
#endif
}

Determining if the function pthread_create exists in the pthreads failed with the following output:
Change Dir: /home/sebastian/git/FetchRobotControl-41014/packages/src/fetch_robot_simulation/build/CMakeFiles/CMakeTmp

Run Build Command:"/usr/bin/make" "cmTC_0132e/fast"
/usr/bin/make -f CMakeFiles/cmTC_0132e.dir/build.make CMakeFiles/cmTC_0132e.dir/build
make[1]: Entering directory '/home/sebastian/git/FetchRobotControl-41014/packages/src/fetch_robot_simulation/build/CMakeFiles/CMakeTmp'
Building C object CMakeFiles/cmTC_0132e.dir/CheckFunctionExists.c.o
/usr/bin/cc   -DCHECK_FUNCTION_EXISTS=pthread_create   -o CMakeFiles/cmTC_0132e.dir/CheckFunctionExists.c.o   -c /usr/share/cmake-3.10/Modules/CheckFunctionExists.c
Linking C executable cmTC_0132e
/usr/bin/cmake -E cmake_link_script CMakeFiles/cmTC_0132e.dir/link.txt --verbose=1
/usr/bin/cc  -DCHECK_FUNCTION_EXISTS=pthread_create    -rdynamic CMakeFiles/cmTC_0132e.dir/CheckFunctionExists.c.o  -o cmTC_0132e -lpthreads 
/usr/bin/ld: cannot find -lpthreads
collect2: error: ld returned 1 exit status
CMakeFiles/cmTC_0132e.dir/build.make:97: recipe for target 'cmTC_0132e' failed
make[1]: *** [cmTC_0132e] Error 1
make[1]: Leaving directory '/home/sebastian/git/FetchRobotControl-41014/packages/src/fetch_robot_simulation/build/CMakeFiles/CMakeTmp'
Makefile:126: recipe for target 'cmTC_0132e/fast' failed
make: *** [cmTC_0132e/fast] Error 2


